{
  "stats": {
    "suites": 1,
    "tests": 1,
    "passes": 1,
    "pending": 0,
    "failures": 0,
    "start": "2023-12-20T20:49:06.089Z",
    "end": "2023-12-20T20:49:09.104Z",
    "duration": 3015,
    "testsRegistered": 1,
    "passPercent": 100,
    "pendingPercent": 0,
    "other": 0,
    "hasOther": false,
    "skipped": 0,
    "hasSkipped": false
  },
  "results": [
    {
      "uuid": "d60ff251-098d-4cec-ada2-b50b674c4862",
      "title": "",
      "fullFile": "cypress\\e2e\\report-playback.cy.js",
      "file": "cypress\\e2e\\report-playback.cy.js",
      "beforeHooks": [],
      "afterHooks": [],
      "tests": [],
      "suites": [
        {
          "uuid": "b14b9b42-f44f-4abe-a296-b959c5a47eba",
          "title": "Login Page",
          "fullFile": "",
          "file": "",
          "beforeHooks": [],
          "afterHooks": [],
          "tests": [
            {
              "title": "Fill out correctly the fields of the login page form to sucessfully login a registered user",
              "fullTitle": "Login Page Fill out correctly the fields of the login page form to sucessfully login a registered user",
              "timedOut": null,
              "duration": 1410,
              "state": "passed",
              "speed": "fast",
              "pass": true,
              "fail": false,
              "pending": false,
              "context": null,
              "code": "cy.visit('http://localhost:4200/#/home'); //to open the home page of Alura Pic \ncy.get('[data-test=\"loginUserName\"]').type('catarinap'); //to get the User Name Element of the Form\ncy.get('[data-test=\"loginPassword\"]').type('catarina123'); //to get the Password Element of the Form\ncy.contains('button', 'login').click(); //to click on the Register Button to test if it works",
              "err": {},
              "uuid": "f8b6bd1e-7bf4-4bfa-b5c1-8f3b00989891",
              "parentUUID": "b14b9b42-f44f-4abe-a296-b959c5a47eba",
              "isHook": false,
              "skipped": false
            }
          ],
          "suites": [],
          "passes": [
            "f8b6bd1e-7bf4-4bfa-b5c1-8f3b00989891"
          ],
          "failures": [],
          "pending": [],
          "skipped": [],
          "duration": 1410,
          "root": false,
          "rootEmpty": false,
          "_timeout": 2000
        }
      ],
      "passes": [],
      "failures": [],
      "pending": [],
      "skipped": [],
      "duration": 0,
      "root": true,
      "rootEmpty": true,
      "_timeout": 2000
    }
  ],
  "meta": {
    "mocha": {
      "version": "7.0.1"
    },
    "mochawesome": {
      "options": {
        "quiet": false,
        "reportFilename": "mochawesome",
        "saveHtml": true,
        "saveJson": true,
        "consoleReporter": "spec",
        "useInlineDiffs": false,
        "code": true
      },
      "version": "7.1.3"
    },
    "marge": {
      "options": null,
      "version": "6.2.0"
    }
  }
}